<?xml version="1.0" encoding="UTF-8"?>
<testsuite name="com.gos.codelabs.basic_java.CalculatorTest" tests="1" skipped="0" failures="0" errors="0" timestamp="2023-10-16T23:56:06" hostname="RTX3070" time="0.013">
  <properties/>
  <testcase name="testAddition()" classname="com.gos.codelabs.basic_java.CalculatorTest" time="0.013"/>
  <system-out><![CDATA[]]></system-out>
  <system-err><![CDATA[]]></system-err>
</testsuite>
